[debug] [2025-10-25T21:51:42.425Z] ----------------------------------------------------------------------
[debug] [2025-10-25T21:51:42.429Z] Command:       C:\Program Files\nodejs\node.exe C:\Users\dicko\AppData\Roaming\npm\node_modules\firebase-tools\lib\bin\firebase.js init hosting
[debug] [2025-10-25T21:51:42.429Z] CLI Version:   14.22.0
[debug] [2025-10-25T21:51:42.429Z] Platform:      win32
[debug] [2025-10-25T21:51:42.430Z] Node Version:  v24.6.0
[debug] [2025-10-25T21:51:42.430Z] Time:          Sat Oct 25 2025 21:51:42 GMT+0000 (Coordinated Universal Time)
[debug] [2025-10-25T21:51:42.430Z] ----------------------------------------------------------------------
[debug] 
[info] 
     ######## #### ########  ######## ########     ###     ######  ########
     ##        ##  ##     ## ##       ##     ##  ##   ##  ##       ##
     ######    ##  ########  ######   ########  #########  ######  ######
     ##        ##  ##    ##  ##       ##     ## ##     ##       ## ##
     ##       #### ##     ## ######## ########  ##     ##  ######  ########

You're about to initialize a Firebase project in this directory:

  C:\Users\dicko\Documents\jeuSnake\web version

[info] 
=== Project Setup
[info] 
[info] First, let's associate this project directory with a Firebase project.
[info] You can create multiple project aliases by running firebase use --add, 
[info] 
[debug] [2025-10-25T21:51:45.658Z] > command requires scopes: ["email","openid","https://www.googleapis.com/auth/cloudplatformprojects.readonly","https://www.googleapis.com/auth/firebase","https://www.googleapis.com/auth/cloud-platform"]
[debug] [2025-10-25T21:51:45.658Z] > authorizing via signed-in user (dickoalou04@gmail.com)
[debug] [2025-10-25T21:51:45.659Z] Checked if tokens are valid: true, expires at: 1761432475307
[debug] [2025-10-25T21:51:45.660Z] Checked if tokens are valid: true, expires at: 1761432475307
[debug] [2025-10-25T21:51:45.661Z] >>> [apiv2][query] GET https://firebase.googleapis.com/v1beta1/availableProjects pageSize=100
[debug] [2025-10-25T21:51:46.584Z] <<< [apiv2][status] GET https://firebase.googleapis.com/v1beta1/availableProjects 200
[debug] [2025-10-25T21:51:46.584Z] <<< [apiv2][body] GET https://firebase.googleapis.com/v1beta1/availableProjects [omitted]
[debug] [2025-10-25T21:51:51.351Z] Checked if tokens are valid: true, expires at: 1761432475307
[debug] [2025-10-25T21:51:51.351Z] Checked if tokens are valid: true, expires at: 1761432475307
[debug] [2025-10-25T21:51:51.351Z] >>> [apiv2][query] POST https://firebase.googleapis.com/v1beta1/projects/snakegame-mobile:addFirebase [none]
[debug] [2025-10-25T21:51:51.783Z] <<< [apiv2][status] POST https://firebase.googleapis.com/v1beta1/projects/snakegame-mobile:addFirebase 403
[debug] [2025-10-25T21:51:51.784Z] <<< [apiv2][body] POST https://firebase.googleapis.com/v1beta1/projects/snakegame-mobile:addFirebase {"error":{"code":403,"message":"The caller does not have permission","status":"PERMISSION_DENIED"}}
[debug] [2025-10-25T21:51:51.786Z] Request to https://firebase.googleapis.com/v1beta1/projects/snakegame-mobile:addFirebase had HTTP Error: 403, The caller does not have permission
[debug] [2025-10-25T21:51:52.224Z] FirebaseError: Request to https://firebase.googleapis.com/v1beta1/projects/snakegame-mobile:addFirebase had HTTP Error: 403, The caller does not have permission
    at responseToError (C:\Users\dicko\AppData\Roaming\npm\node_modules\firebase-tools\lib\responseToError.js:53:12)
    at RetryOperation._fn (C:\Users\dicko\AppData\Roaming\npm\node_modules\firebase-tools\lib\apiv2.js:312:77)
    at process.processTicksAndRejections (node:internal/process/task_queues:105:5)
[error] 
[error] Error: Failed to add Firebase to Google Cloud Platform project. See firebase-debug.log for more info.
